0 , time 0.21076679229736328
100 , time 14.459590911865234
200 , time 13.494305610656738
300 , time 13.831201076507568
400 , time 16.36556363105774
500 , time 13.727146863937378
600 , time 15.778653621673584
700 , time 14.173600673675537
800 , time 16.17391347885132
900 , time 15.155595064163208
1000 , time 16.239283323287964
1100 , time 16.13321352005005
1200 , time 16.550665378570557
1300 , time 16.26440978050232
1400 , time 19.415518522262573
1500 , time 18.335062742233276
1600 , time 15.984796285629272
1700 , time 18.85425090789795
1800 , time 16.26749563217163
1900 , time 16.589597463607788
2000 , time 16.64524006843567
2100 , time 17.256186723709106
2200 , time 17.70075511932373
2300 , time 15.533839702606201
2400 , time 16.863692045211792
2500 , time 16.162697553634644
2600 , time 15.414076566696167
2700 , time 16.78451919555664
2800 , time 18.48486328125
2900 , time 19.963268518447876
3000 , time 15.773738861083984
3100 , time 18.801564693450928
3200 , time 19.12760901451111
3300 , time 18.282270431518555
3400 , time 17.84057903289795
3500 , time 16.82510209083557
3600 , time 17.817596673965454
3700 , time 16.861814737319946
3800 , time 19.264487504959106
3900 , time 19.21325945854187
4000 , time 17.180649518966675
4100 , time 18.89478898048401
4200 , time 17.230778217315674
4300 , time 17.941885948181152
4400 , time 18.764610290527344
4500 , time 15.792228937149048
4600 , time 19.543828010559082
4700 , time 18.513628005981445
4800 , time 18.021361827850342
4900 , time 18.400108575820923
5000 , time 17.536325693130493
5100 , time 18.825758457183838
5200 , time 19.06435513496399
5300 , time 16.738872051239014
5400 , time 19.012483835220337
5500 , time 18.52758240699768
5600 , time 16.788605451583862
5700 , time 18.858081102371216
5800 , time 19.07575488090515
5900 , time 16.875043392181396
6000 , time 20.162370443344116
6100 , time 21.748424291610718
6200 , time 18.14714503288269
6300 , time 20.07591223716736
6400 , time 19.364396810531616
6500 , time 15.425805568695068
6600 , time 15.374450922012329
6700 , time 15.631706476211548
6800 , time 17.440985679626465
6900 , time 16.82728362083435
7000 , time 16.771848917007446
7100 , time 15.894593477249146
7200 , time 17.627484560012817
7300 , time 18.546563386917114
7400 , time 15.946329832077026
7500 , time 18.65717053413391
7600 , time 16.534971475601196
7700 , time 19.03590989112854
7800 , time 19.65447688102722
7900 , time 15.640329599380493
8000 , time 19.450623035430908
8100 , time 16.272174835205078
8200 , time 19.17184042930603
8300 , time 19.685755014419556
8400 , time 15.527792692184448
8500 , time 19.454485416412354
8600 , time 11.91459059715271
8700 , time 12.900230169296265
8800 , time 12.180246114730835
8900 , time 10.323663473129272
9000 , time 12.229941606521606
9100 , time 11.463427782058716
9200 , time 10.974466800689697
9300 , time 12.697529077529907
9400 , time 11.819572448730469
9500 , time 16.807644844055176
9600 , time 17.803222179412842
9700 , time 18.115360975265503
9800 , time 16.73629331588745
9900 , time 19.803367137908936
10000 , time 19.50586771965027
10100 , time 20.00727653503418
10200 , time 22.15139865875244
10300 , time 20.436205625534058
10400 , time 22.88361382484436
10500 , time 19.780470848083496
10600 , time 19.396629810333252
10700 , time 20.642587423324585
10800 , time 16.280262231826782
10900 , time 19.603265285491943
11000 , time 20.48697543144226
11100 , time 18.88583755493164
11200 , time 23.321547031402588
11300 , time 20.314674615859985
11400 , time 16.859935522079468
11500 , time 20.657927751541138
11600 , time 18.823688983917236
11700 , time 18.965813398361206
11800 , time 21.254523038864136
11900 , time 16.300230503082275
12000 , time 16.131563663482666
12100 , time 21.033594608306885
12200 , time 21.066588163375854
12300 , time 18.361682891845703
12400 , time 26.501875400543213
12500 , time 22.895546913146973
12600 , time 19.951318740844727
12700 , time 23.22377634048462
12800 , time 20.386168956756592
12900 , time 21.49399757385254
13000 , time 24.571810245513916
13100 , time 19.314759492874146
13200 , time 21.751330852508545
13300 , time 21.631811141967773
13400 , time 20.44223403930664
13500 , time 22.118654012680054
13600 , time 24.813397884368896
13700 , time 20.66330885887146
13800 , time 21.916074514389038
13900 , time 21.761677980422974
14000 , time 21.857495307922363
14100 , time 22.20111918449402
14200 , time 22.03883457183838
14300 , time 23.189010858535767
14400 , time 22.775246620178223
14500 , time 18.199532747268677
14600 , time 22.36418056488037
14700 , time 21.881776571273804
14800 , time 25.005728483200073
14900 , time 22.030659198760986
15000 , time 23.494248628616333
15100 , time 20.173746585845947
15200 , time 22.115013122558594
15300 , time 20.986979961395264
15400 , time 26.430830717086792
15500 , time 26.045652389526367
15600 , time 20.53706979751587
15700 , time 22.200562715530396
15800 , time 22.354053497314453
15900 , time 19.969615697860718
16000 , time 25.204084396362305
16100 , time 23.306270837783813
16200 , time 19.849036931991577
16300 , time 25.63229751586914
16400 , time 19.77517604827881
16500 , time 26.993219137191772
16600 , time 24.98225474357605
16700 , time 20.67820119857788
16800 , time 23.394233465194702
16900 , time 21.200764417648315
17000 , time 19.584540605545044
17100 , time 26.8466317653656
17200 , time 20.45686173439026
17300 , time 22.244905710220337
17400 , time 21.961141109466553
17500 , time 18.317798137664795
17600 , time 19.639421939849854
17700 , time 19.33555841445923
17800 , time 18.38701319694519
17900 , time 21.311701774597168
18000 , time 17.15423893928528
18100 , time 19.025042057037354
18200 , time 19.000507593154907
18300 , time 17.653281450271606
18400 , time 24.480978965759277
18500 , time 19.040405988693237
18600 , time 17.366094827651978
18700 , time 18.72094225883484
18800 , time 19.382946491241455
18900 , time 18.07005262374878
19000 , time 23.155954837799072
19100 , time 25.972993850708008
19200 , time 17.753791093826294
19300 , time 19.312922716140747
19400 , time 16.568414449691772
19500 , time 20.240508556365967
19600 , time 21.540670156478882
19700 , time 19.79012441635132
19800 , time 19.16640043258667
19900 , time 17.22614598274231
20000 , time 19.195598125457764
20100 , time 14.351223230361938
20200 , time 22.197314023971558
20300 , time 21.97031283378601
20400 , time 18.92262887954712
20500 , time 18.932589292526245
20600 , time 19.208720922470093
20700 , time 16.263734340667725
20800 , time 22.358486652374268
20900 , time 17.789451360702515
21000 , time 22.90529727935791
21100 , time 16.64225125312805
21200 , time 18.74018621444702
21300 , time 16.120750665664673
21400 , time 19.337016582489014
21500 , time 18.283486127853394
21600 , time 19.283567905426025
21700 , time 19.973111152648926
21800 , time 18.032901763916016
21900 , time 16.608956336975098
22000 , time 16.158276557922363
22100 , time 17.789950609207153
22200 , time 15.425648927688599
22300 , time 16.98375415802002
22400 , time 18.272903203964233
22500 , time 18.780841588974
22600 , time 16.465949296951294
22700 , time 18.559197664260864
22800 , time 18.17333483695984
22900 , time 17.433361530303955
23000 , time 18.468315601348877
23100 , time 17.716181755065918
23200 , time 19.042187690734863
23300 , time 18.48073387145996
23400 , time 16.786478281021118
23500 , time 19.268879890441895
23600 , time 15.445323467254639
23700 , time 18.78710389137268
23800 , time 18.191176176071167
23900 , time 16.67012643814087
24000 , time 17.95319962501526
24100 , time 20.166136503219604
24200 , time 16.35130786895752
24300 , time 19.243642330169678
24400 , time 16.17133092880249
24500 , time 20.96351718902588
24600 , time 16.649779081344604
24700 , time 19.70786166191101
24800 , time 18.75630760192871
24900 , time 15.395445108413696
25000 , time 15.817584991455078
25100 , time 15.820177793502808
25200 , time 18.048743963241577
25300 , time 15.875450611114502
25400 , time 16.659873485565186
25500 , time 14.785715341567993
25600 , time 16.561136484146118
25700 , time 14.81745719909668
25800 , time 16.538635969161987
25900 , time 14.176180601119995
26000 , time 16.274805784225464
26100 , time 16.958143711090088
26200 , time 15.053651809692383
26300 , time 13.401061296463013
26400 , time 14.045170545578003
26500 , time 11.404016017913818
26600 , time 11.99724292755127
26700 , time 13.641143083572388
26800 , time 12.591183423995972
26900 , time 12.108140468597412
27000 , time 16.207486152648926
27100 , time 13.818931102752686
27200 , time 13.852264881134033
27300 , time 21.432728052139282
27400 , time 16.663385152816772
27500 , time 19.58927083015442
27600 , time 19.610649347305298
27700 , time 17.562742710113525
27800 , time 19.923540353775024
27900 , time 18.99312686920166
28000 , time 15.981400728225708
28100 , time 18.840864181518555
28200 , time 17.960607528686523
28300 , time 19.056583881378174
28400 , time 17.604387044906616
28500 , time 23.946027517318726
28600 , time 16.16180443763733
28700 , time 18.377284049987793
28800 , time 17.371532678604126
28900 , time 19.158849000930786
29000 , time 20.054130792617798
29100 , time 18.594441175460815
29200 , time 19.48676085472107
29300 , time 19.606580018997192
29400 , time 17.310954093933105
29500 , time 18.43943476676941
29600 , time 16.32530641555786
29700 , time 22.813812971115112
29800 , time 19.397614002227783
29900 , time 19.307988166809082
30000 , time 17.499955415725708
30100 , time 18.33313012123108
30200 , time 17.81479811668396
30300 , time 16.287925481796265
30400 , time 20.277953386306763
30500 , time 20.195597648620605
30600 , time 16.985457181930542
30700 , time 19.292138814926147
30800 , time 17.05212426185608
30900 , time 19.88872528076172
31000 , time 16.94389820098877
31100 , time 22.37533473968506
31200 , time 17.29157066345215
31300 , time 19.30899453163147
31400 , time 18.739872694015503
31500 , time 16.863189220428467
31600 , time 17.412832021713257
31700 , time 18.50416350364685
31800 , time 18.873857021331787
31900 , time 19.829006671905518
32000 , time 20.419238328933716
32100 , time 20.387667655944824
32200 , time 18.43961238861084
32300 , time 16.133296966552734
32400 , time 22.434845685958862
32500 , time 18.301956176757812
32600 , time 19.041980028152466
32700 , time 19.194577932357788
32800 , time 19.0935697555542
32900 , time 14.349486351013184
33000 , time 18.661900997161865
33100 , time 18.893904447555542
33200 , time 20.328094959259033
33300 , time 21.755568504333496
33400 , time 16.637946605682373
33500 , time 18.05605125427246
33600 , time 17.08501887321472
33700 , time 20.311546802520752
33800 , time 21.073442935943604
33900 , time 17.020859956741333
34000 , time 19.764498233795166
34100 , time 19.065261125564575
34200 , time 17.80026388168335
34300 , time 18.72022008895874
34400 , time 23.12055230140686
34500 , time 19.096758127212524
34600 , time 21.293055295944214
34700 , time 21.257766008377075
34800 , time 17.235990524291992
34900 , time 17.288554430007935
35000 , time 19.526480197906494
35100 , time 19.45752763748169
35200 , time 18.943066835403442
35300 , time 19.73058557510376
35400 , time 18.027108430862427
35500 , time 19.219737768173218
35600 , time 21.797822952270508
35700 , time 20.572458267211914
35800 , time 19.797377586364746
35900 , time 20.581135511398315
36000 , time 17.202234029769897
36100 , time 20.008834838867188
36200 , time 16.835864543914795
36300 , time 17.841607570648193
36400 , time 21.719705820083618
36500 , time 16.947020053863525
36600 , time 19.62044382095337
36700 , time 16.965875148773193
36800 , time 20.56435251235962
36900 , time 17.840835332870483
37000 , time 21.296194076538086
37100 , time 17.874186515808105
37200 , time 20.93482232093811
37300 , time 18.72206711769104
37400 , time 16.721688508987427
37500 , time 19.98634147644043
37600 , time 16.74150252342224
37700 , time 16.948805570602417
37800 , time 19.188686847686768
37900 , time 16.62032723426819
38000 , time 21.572753190994263
38100 , time 16.6370747089386
38200 , time 17.426732778549194
38300 , time 17.909175157546997
38400 , time 18.604865789413452
38500 , time 16.250838041305542
38600 , time 19.102396726608276
38700 , time 18.88407015800476
38800 , time 18.10813570022583
38900 , time 20.944988489151
39000 , time 19.99666142463684
39100 , time 16.627800941467285
39200 , time 21.29208278656006
39300 , time 17.883583307266235
39400 , time 17.822193145751953
39500 , time 17.663842916488647
39600 , time 17.17259979248047
39700 , time 16.673778295516968
39800 , time 16.401731491088867
39900 , time 16.510267734527588
40000 , time 20.09415292739868
40100 , time 19.47754144668579
40200 , time 17.362547159194946
40300 , time 19.745595693588257
40400 , time 21.549049139022827
40500 , time 17.140851736068726
40600 , time 18.00688409805298
40700 , time 18.971935033798218
40800 , time 17.355486154556274
40900 , time 19.04981279373169
41000 , time 17.988789558410645
41100 , time 19.998429536819458
41200 , time 21.119539737701416
41300 , time 17.586890935897827
41400 , time 20.582839488983154
41500 , time 18.825228929519653
41600 , time 19.52390480041504
41700 , time 17.800701141357422
41800 , time 17.730290174484253
41900 , time 18.301382303237915
42000 , time 16.999572038650513
42100 , time 17.497107982635498
42200 , time 18.447929859161377
42300 , time 16.30852961540222
42400 , time 16.80158805847168
42500 , time 20.255773067474365
42600 , time 18.384921312332153
42700 , time 19.91150164604187
42800 , time 18.763285398483276
42900 , time 19.218425273895264
43000 , time 19.00497055053711
43100 , time 17.26590609550476
43200 , time 16.463386297225952
43300 , time 20.19141173362732
43400 , time 17.19299030303955
43500 , time 16.94998073577881
43600 , time 17.622657299041748
43700 , time 17.46013569831848
43800 , time 17.590935945510864
43900 , time 20.235172748565674
44000 , time 20.773258209228516
44100 , time 19.883760452270508
44200 , time 18.338131427764893
44300 , time 17.489704132080078
44400 , time 18.661551237106323
44500 , time 18.134570598602295
44600 , time 17.191935777664185
44700 , time 20.070268630981445
44800 , time 19.84362506866455
44900 , time 17.465696096420288
45000 , time 18.852495908737183
45100 , time 17.3447163105011
45200 , time 26.099658250808716
45300 , time 18.89946699142456
45400 , time 17.363373517990112
45500 , time 17.930954456329346
45600 , time 17.671404600143433
45700 , time 17.86672854423523
45800 , time 17.2044939994812
45900 , time 19.62183904647827
46000 , time 15.125647783279419
46100 , time 19.837022304534912
46200 , time 15.28322982788086
46300 , time 18.039246797561646
46400 , time 18.415996313095093
success
