0 , time 0.44042372703552246
100 , time 13.564888715744019
200 , time 13.892153978347778
300 , time 13.82266354560852
400 , time 17.557108640670776
500 , time 15.419451236724854
600 , time 18.835814714431763
700 , time 18.275140523910522
800 , time 17.5598304271698
900 , time 15.877347230911255
1000 , time 17.115659952163696
1100 , time 19.61739444732666
1200 , time 15.24637508392334
1300 , time 19.804654359817505
1400 , time 18.148218154907227
1500 , time 18.365743160247803
1600 , time 17.822700023651123
1700 , time 15.199738025665283
1800 , time 19.89498257637024
1900 , time 15.540935277938843
2000 , time 19.87517809867859
2100 , time 18.42662739753723
2200 , time 17.43650531768799
2300 , time 16.249126195907593
2400 , time 18.507580757141113
2500 , time 19.88452982902527
2600 , time 14.723642826080322
2700 , time 14.231151580810547
2800 , time 12.49156141281128
2900 , time 16.09803342819214
3000 , time 18.353332042694092
3100 , time 18.026256561279297
3200 , time 19.195972204208374
3300 , time 20.293315172195435
3400 , time 16.239722967147827
3500 , time 20.37999176979065
3600 , time 19.25510883331299
3700 , time 17.463488817214966
3800 , time 18.30379581451416
3900 , time 18.85188102722168
4000 , time 18.93854594230652
4100 , time 16.582510948181152
4200 , time 19.266682624816895
4300 , time 16.85308527946472
4400 , time 19.788787603378296
4500 , time 17.711687326431274
4600 , time 19.710789442062378
4700 , time 17.158080577850342
4800 , time 19.70888924598694
4900 , time 18.34556746482849
5000 , time 17.141338109970093
5100 , time 17.84289836883545
5200 , time 18.408469438552856
5300 , time 16.779960870742798
5400 , time 20.02519965171814
5500 , time 17.2381374835968
5600 , time 18.316198110580444
5700 , time 18.711255311965942
5800 , time 18.200451612472534
5900 , time 19.32596182823181
6000 , time 17.38149666786194
6100 , time 21.364269733428955
6200 , time 19.0622239112854
6300 , time 16.681967735290527
6400 , time 18.756841897964478
6500 , time 17.080206632614136
6600 , time 25.63340449333191
6700 , time 15.753742933273315
6800 , time 18.68228578567505
6900 , time 18.14725112915039
7000 , time 18.747627019882202
7100 , time 16.543403387069702
7200 , time 17.089182138442993
7300 , time 17.038529872894287
7400 , time 19.32339310646057
7500 , time 18.15261197090149
7600 , time 17.662501573562622
7700 , time 18.4231173992157
7800 , time 15.020004034042358
7900 , time 18.87168860435486
8000 , time 16.32059597969055
8100 , time 18.587738752365112
8200 , time 16.196972608566284
8300 , time 17.23859715461731
8400 , time 18.593948125839233
8500 , time 16.74679398536682
8600 , time 16.0636146068573
8700 , time 18.658219575881958
8800 , time 14.790871620178223
8900 , time 16.363109588623047
9000 , time 13.133237838745117
9100 , time 16.330547332763672
9200 , time 16.287623405456543
9300 , time 18.795581817626953
9400 , time 17.093929767608643
9500 , time 19.34248685836792
9600 , time 16.55823278427124
9700 , time 18.81256866455078
9800 , time 18.334990739822388
9900 , time 15.667746782302856
10000 , time 18.667289972305298
10100 , time 16.708773851394653
10200 , time 19.305307388305664
10300 , time 16.71123170852661
10400 , time 20.019882202148438
10500 , time 18.64575219154358
10600 , time 14.49135160446167
10700 , time 18.99521017074585
10800 , time 16.51174545288086
10900 , time 18.947325468063354
11000 , time 17.119330167770386
11100 , time 20.15093159675598
11200 , time 16.18893551826477
11300 , time 18.977527379989624
11400 , time 17.785419702529907
11500 , time 17.457918643951416
11600 , time 19.16304636001587
11700 , time 17.03443932533264
11800 , time 19.481469869613647
11900 , time 17.302542448043823
12000 , time 15.086430549621582
12100 , time 19.481348752975464
12200 , time 14.474353551864624
12300 , time 14.104979515075684
12400 , time 11.720219135284424
12500 , time 13.429772138595581
12600 , time 16.093587398529053
12700 , time 16.425350427627563
12800 , time 18.783514499664307
12900 , time 17.68832755088806
13000 , time 19.148624181747437
13100 , time 18.304903030395508
13200 , time 16.77149796485901
13300 , time 18.671072959899902
13400 , time 16.199251651763916
13500 , time 20.385328769683838
13600 , time 20.326140880584717
13700 , time 17.18648052215576
13800 , time 20.071749448776245
13900 , time 19.051679611206055
14000 , time 17.03018569946289
14100 , time 17.62686276435852
14200 , time 18.238479137420654
14300 , time 20.406942129135132
14400 , time 16.831481456756592
14500 , time 17.1464262008667
14600 , time 17.76953935623169
14700 , time 19.84817361831665
14800 , time 16.583489656448364
14900 , time 19.476032972335815
15000 , time 16.597488164901733
15100 , time 16.972872018814087
15200 , time 16.92017936706543
15300 , time 19.471522331237793
15400 , time 18.000821113586426
15500 , time 15.715484380722046
15600 , time 18.918289184570312
15700 , time 16.81494116783142
15800 , time 19.181986331939697
15900 , time 16.643161296844482
16000 , time 20.64795207977295
16100 , time 18.179396390914917
16200 , time 18.596140384674072
16300 , time 13.333761930465698
16400 , time 19.304000854492188
16500 , time 19.007063388824463
16600 , time 17.601865530014038
16700 , time 18.261964082717896
16800 , time 19.450401782989502
16900 , time 23.360917329788208
17000 , time 17.43561553955078
17100 , time 17.08123278617859
17200 , time 19.57756233215332
17300 , time 15.59573769569397
17400 , time 19.200328588485718
17500 , time 18.511186599731445
17600 , time 15.751253604888916
17700 , time 22.428452014923096
17800 , time 18.481472969055176
17900 , time 19.01529812812805
success
